<?xml version="1.0" encoding="utf-8"?><testsuites name="pytest tests"><testsuite name="pytest" errors="0" failures="0" skipped="0" tests="22" time="2.680" timestamp="2026-07-04T14:21:41.317172+00:00" hostname="agent-env-66ae2e76-97a5-4e34-9a33-24d640763849"><testcase classname="tests.backend_test.TestAuth" name="test_login_success" time="0.448" /><testcase classname="tests.backend_test.TestAuth" name="test_login_bad_password" time="0.044" /><testcase classname="tests.backend_test.TestAuth" name="test_login_bad_user" time="0.044" /><testcase classname="tests.backend_test.TestAuth" name="test_protected_without_token" time="0.043" /><testcase classname="tests.backend_test.TestAuth" name="test_protected_with_bad_token" time="0.130" /><testcase classname="tests.backend_test.TestMenusCRUD" name="test_create_menu_manual" time="0.217" /><testcase classname="tests.backend_test.TestSelections" name="test_create_selection" time="0.876" /><testcase classname="tests.backend_test.TestSelections" name="test_upsert_same_user" time="0.140" /><testcase classname="tests.backend_test.TestMenusCRUD" name="test_list_menus_public" time="0.044" /><testcase classname="tests.backend_test.TestMenusCRUD" name="test_active_menus" time="0.089" /><testcase classname="tests.backend_test.TestSelections" name="test_upsert_case_insensitive" time="0.138" /><testcase classname="tests.backend_test.TestMenusCRUD" name="test_update_menu" time="0.213" /><testcase classname="tests.backend_test.TestSelections" name="test_create_selection_invalid_menu" time="0.046" /><testcase classname="tests.backend_test.TestSelections" name="test_create_selection_empty_name" time="0.045" /><testcase classname="tests.backend_test.TestSelections" name="test_list_selections_requires_auth" time="0.080" /><testcase classname="tests.backend_test.TestParsers" name="test_parse_excel_mara" time="0.133" /><testcase classname="tests.backend_test.TestSelections" name="test_export_xlsx" time="0.183" /><testcase classname="tests.backend_test.TestParsers" name="test_parse_text_sabrositos" time="0.103" /><testcase classname="tests.backend_test.TestSelections" name="test_export_bad_token" time="0.096" /><testcase classname="tests.backend_test.TestParsers" name="test_parse_excel_no_auth" time="0.156" /><testcase classname="tests.backend_test.TestSelections" name="test_reset_selections" time="0.494" /><testcase classname="tests.backend_test.TestHealth" name="test_root" time="0.276" /></testsuite></testsuites>